0 info it worked if it ends with ok
1 verbose cli [ 'C:\\Program Files\\nodejs\\\\node.exe',
1 verbose cli   'C:\\Program Files\\nodejs\\node_modules\\npm\\bin\\npm-cli.js',
1 verbose cli   'install',
1 verbose cli   'protobuf' ]
2 info using npm@1.1.59
3 info using node@v0.8.8
4 verbose node symlink C:\Program Files\nodejs\\node.exe
5 verbose read json C:\Users\cjucovschi\Documents\GitHub\ShareJSServices\bin\package.json
6 verbose read json C:\Users\cjucovschi\Documents\GitHub\ShareJSServices\bin\node_modules\async\package.json
7 verbose read json C:\Users\cjucovschi\Documents\GitHub\ShareJSServices\bin\node_modules\bytes\package.json
8 verbose read json C:\Users\cjucovschi\Documents\GitHub\ShareJSServices\bin\node_modules\coffee-script\package.json
9 verbose read json C:\Users\cjucovschi\Documents\GitHub\ShareJSServices\bin\node_modules\deep-extend\package.json
10 verbose read json C:\Users\cjucovschi\Documents\GitHub\ShareJSServices\bin\node_modules\express\package.json
11 verbose read json C:\Users\cjucovschi\Documents\GitHub\ShareJSServices\bin\node_modules\faye\package.json
12 verbose read json C:\Users\cjucovschi\Documents\GitHub\ShareJSServices\bin\node_modules\node-extend\package.json
13 verbose read json C:\Users\cjucovschi\Documents\GitHub\ShareJSServices\bin\node_modules\pause\package.json
14 verbose read json C:\Users\cjucovschi\Documents\GitHub\ShareJSServices\bin\node_modules\redis\package.json
15 verbose read json C:\Users\cjucovschi\Documents\GitHub\ShareJSServices\bin\node_modules\share\package.json
16 verbose read json C:\Users\cjucovschi\Documents\GitHub\ShareJSServices\bin\node_modules\stack\package.json
17 verbose read json C:\Users\cjucovschi\Documents\GitHub\ShareJSServices\bin\node_modules\vfs-http-adapter\package.json
18 verbose read json C:\Users\cjucovschi\Documents\GitHub\ShareJSServices\bin\node_modules\vfs-local\package.json
19 verbose read json C:\Users\cjucovschi\Documents\GitHub\ShareJSServices\bin\package.json
20 verbose cache add [ 'protobuf', null ]
21 silly cache add name=undefined spec="protobuf" args=["protobuf",null]
22 verbose parsed url { pathname: 'protobuf', path: 'protobuf', href: 'protobuf' }
23 silly lockFile 9d3fdc41-protobuf protobuf
24 verbose lock protobuf C:\Users\cjucovschi\AppData\Roaming\npm-cache\9d3fdc41-protobuf.lock
25 silly lockFile 9d3fdc41-protobuf protobuf
26 verbose addNamed [ 'protobuf', '' ]
27 verbose addNamed [ null, '' ]
28 silly lockFile 82a51c2a-protobuf protobuf@
29 verbose lock protobuf@ C:\Users\cjucovschi\AppData\Roaming\npm-cache\82a51c2a-protobuf.lock
30 silly addNameRange { name: 'protobuf', range: '', hasData: false }
31 verbose url raw protobuf
32 verbose url resolving [ 'https://registry.npmjs.org/', './protobuf' ]
33 verbose url resolved https://registry.npmjs.org/protobuf
34 info retry registry request attempt 1 at 08:08:41
35 verbose etag "CIU733UBTBQDX86P0FN6SBW1Y"
36 http GET https://registry.npmjs.org/protobuf
37 http 304 https://registry.npmjs.org/protobuf
38 silly registry.get cb [ 304,
38 silly registry.get   { server: 'CouchDB/1.2.0 (Erlang OTP/R15B)',
38 silly registry.get     etag: '"CIU733UBTBQDX86P0FN6SBW1Y"',
38 silly registry.get     date: 'Wed, 03 Oct 2012 06:08:43 GMT',
38 silly registry.get     'content-length': '0' } ]
39 verbose etag protobuf from cache
40 silly addNameRange number 2 { name: 'protobuf', range: '', hasData: true }
41 silly addNameRange versions [ 'protobuf', [ '0.3.0', '0.3.1', '0.3.2', '0.8.0' ] ]
42 verbose addNamed [ 'protobuf', '0.8.0' ]
43 verbose addNamed [ '0.8.0', '0.8.0' ]
44 silly lockFile b29b6a84-protobuf-0-8-0 protobuf@0.8.0
45 verbose lock protobuf@0.8.0 C:\Users\cjucovschi\AppData\Roaming\npm-cache\b29b6a84-protobuf-0-8-0.lock
46 verbose read json C:\Users\cjucovschi\AppData\Roaming\npm-cache\protobuf\0.8.0\package\package.json
47 silly lockFile b29b6a84-protobuf-0-8-0 protobuf@0.8.0
48 silly lockFile 82a51c2a-protobuf protobuf@
49 silly resolved [ { name: 'protobuf',
49 silly resolved     version: '0.8.0',
49 silly resolved     description: 'Protocol Buffers for NodeJS',
49 silly resolved     author: '',
49 silly resolved     main: './build/Release/protobuf_for_node',
49 silly resolved     engines: { node: '>= 0.8.0 < 0.9.0' },
49 silly resolved     repository: { type: 'git', url: 'git://github.com/chrisdew/protobuf.git' },
49 silly resolved     scripts:
49 silly resolved      { install: 'PROTOBUF=/usr/local/lib node-waf configure clean build',
49 silly resolved        test: 'node test/unittest.js' },
49 silly resolved     readme: 'This is a fork of http://code.google.com/p/protobuf-for-node/\n\nIt now works with the NodeJS 0.6.x series.\n\nPrerequisites:\n--------------\n\nNodeJS v0.6.X\nnpm\n\n\nTo install on Ubuntu and OSX:\n-------------------------------\n\nThe first steps are to build and install Google\'s protobuf library. Make sure you have the right version by running "protoc --version" after the install.\n\n    wget http://protobuf.googlecode.com/files/protobuf-2.4.1.tar.gz\n    tar -xzvf protobuf-2.4.1.tar.gz\n    cd protobuf-2.4.1/\n    ./configure && make && sudo make install\n    cd\n\nThis installs the npm package.\n\n    npm install protobuf\n\nFor Ubuntu, update library paths.\n\n    sudo ldconfig\n\nFor OSX, you might need to add the path:\n\n    export DYLD_LIBRARY_PATH=/home/chris/node_modules/protobuf/build/Release:/usr/local/lib:$DYLD_LIBRARY_PATH\n\nAnd test that it works...  Run node, try \n\n    require(\'protobuf\');\n\nyou should see: \n\n    { Schema: [Function: Schema] }\n\n\nAs seen from the instructions above, this is my first attempt at packaging a slightly complex C++ module for NPM.\n\nIf you can help me simplify these instructions, please submit a patch.\n\n\nGood luck,\n\nChris.\n\n',
49 silly resolved     _id: 'protobuf@0.8.0',
49 silly resolved     _from: 'protobuf' } ]
50 info install protobuf@0.8.0 into C:\Users\cjucovschi\Documents\GitHub\ShareJSServices\bin
51 info installOne protobuf@0.8.0
52 verbose from cache C:\Users\cjucovschi\AppData\Roaming\npm-cache\protobuf\0.8.0\package\package.json
53 info C:\Users\cjucovschi\Documents\GitHub\ShareJSServices\bin\node_modules\protobuf unbuild
54 verbose read json C:\Users\cjucovschi\Documents\GitHub\ShareJSServices\bin\node_modules\protobuf\package.json
55 verbose tar unpack C:\Users\cjucovschi\AppData\Roaming\npm-cache\protobuf\0.8.0\package.tgz
56 silly lockFile 7dcff3f4-rvices-bin-node-modules-protobuf C:\Users\cjucovschi\Documents\GitHub\ShareJSServices\bin\node_modules\protobuf
57 verbose lock C:\Users\cjucovschi\Documents\GitHub\ShareJSServices\bin\node_modules\protobuf C:\Users\cjucovschi\AppData\Roaming\npm-cache\7dcff3f4-rvices-bin-node-modules-protobuf.lock
58 silly gunzTarPerm modes [ '777', '666' ]
59 silly gunzTarPerm extractEntry package.json
60 silly gunzTarPerm extractEntry .npmignore
61 silly gunzTarPerm extractEntry README.md
62 silly gunzTarPerm extractEntry addon.cc
63 silly gunzTarPerm extractEntry COPYING
64 silly gunzTarPerm extractEntry example/feeds.js
65 silly gunzTarPerm extractEntry example/protoservice.js
66 silly gunzTarPerm extractEntry example/feeds.desc
67 silly gunzTarPerm extractEntry example/feeds.proto
68 silly gunzTarPerm extractEntry example/protoservice.cc
69 silly gunzTarPerm extractEntry example/protoservice.pb.cc
70 silly gunzTarPerm extractEntry example/protoservice.pb.h
71 silly gunzTarPerm extractEntry example/protoservice.proto
72 silly gunzTarPerm extractEntry protobuf_for_node.cc
73 silly gunzTarPerm extractEntry protobuf_for_node.h
74 silly gunzTarPerm extractEntry test/unittest.js
75 silly gunzTarPerm extractEntry test/golden_message
76 silly gunzTarPerm extractEntry test/unittest.desc
77 silly gunzTarPerm extractEntry wscript
78 verbose read json C:\Users\cjucovschi\Documents\GitHub\ShareJSServices\bin\node_modules\protobuf\package.json
79 silly lockFile 7dcff3f4-rvices-bin-node-modules-protobuf C:\Users\cjucovschi\Documents\GitHub\ShareJSServices\bin\node_modules\protobuf
80 info preinstall protobuf@0.8.0
81 verbose from cache C:\Users\cjucovschi\Documents\GitHub\ShareJSServices\bin\node_modules\protobuf\package.json
82 verbose readDependencies using package.json deps
83 verbose from cache C:\Users\cjucovschi\Documents\GitHub\ShareJSServices\bin\node_modules\protobuf\package.json
84 verbose readDependencies using package.json deps
85 silly resolved []
86 verbose about to build C:\Users\cjucovschi\Documents\GitHub\ShareJSServices\bin\node_modules\protobuf
87 info build C:\Users\cjucovschi\Documents\GitHub\ShareJSServices\bin\node_modules\protobuf
88 verbose from cache C:\Users\cjucovschi\Documents\GitHub\ShareJSServices\bin\node_modules\protobuf\package.json
89 verbose linkStuff [ false,
89 verbose linkStuff   false,
89 verbose linkStuff   false,
89 verbose linkStuff   'C:\\Users\\cjucovschi\\Documents\\GitHub\\ShareJSServices\\bin\\node_modules' ]
90 info linkStuff protobuf@0.8.0
91 verbose linkBins protobuf@0.8.0
92 verbose linkMans protobuf@0.8.0
93 verbose rebuildBundles protobuf@0.8.0
94 info install protobuf@0.8.0
95 verbose unsafe-perm in lifecycle true
96 silly exec cmd "/c" "PROTOBUF=/usr/local/lib node-waf configure clean build"
97 silly cmd,/c,PROTOBUF=/usr/local/lib node-waf configure clean build,C:\Users\cjucovschi\Documents\GitHub\ShareJSServices\bin\node_modules\protobuf spawning
98 info protobuf@0.8.0 Failed to exec install script
99 info C:\Users\cjucovschi\Documents\GitHub\ShareJSServices\bin\node_modules\protobuf unbuild
100 verbose from cache C:\Users\cjucovschi\Documents\GitHub\ShareJSServices\bin\node_modules\protobuf\package.json
101 info preuninstall protobuf@0.8.0
102 info uninstall protobuf@0.8.0
103 verbose true,C:\Users\cjucovschi\Documents\GitHub\ShareJSServices\bin\node_modules,C:\Users\cjucovschi\Documents\GitHub\ShareJSServices\bin\node_modules unbuild protobuf@0.8.0
104 info postuninstall protobuf@0.8.0
105 error protobuf@0.8.0 install: `PROTOBUF=/usr/local/lib node-waf configure clean build`
105 error `cmd "/c" "PROTOBUF=/usr/local/lib node-waf configure clean build"` failed with 1
106 error Failed at the protobuf@0.8.0 install script.
106 error This is most likely a problem with the protobuf package,
106 error not with npm itself.
106 error Tell the author that this fails on your system:
106 error     PROTOBUF=/usr/local/lib node-waf configure clean build
106 error You can get their info via:
106 error     npm owner ls protobuf
106 error There is likely additional logging output above.
107 error System Windows_NT 6.2.9200
108 error command "C:\\Program Files\\nodejs\\\\node.exe" "C:\\Program Files\\nodejs\\node_modules\\npm\\bin\\npm-cli.js" "install" "protobuf"
109 error cwd C:\Users\cjucovschi\Documents\GitHub\ShareJSServices\bin
110 error node -v v0.8.8
111 error npm -v 1.1.59
112 error code ELIFECYCLE
113 verbose exit [ 1, true ]
